Arguments: 
  /usr/local/Cellar/node/10.4.0/bin/node /usr/local/Cellar/yarn/1.7.0/libexec/bin/yarn.js add --exact @typed/test@beta

PATH: 
  /Users/tylors/bin:/Users/tylors/Library/Python/2.7/bin:./node_modules/.bin:/usr/local/bin:/usr/local/bin:/usr/bin:/bin:/usr/sbin:/sbin:/Users/tylors/bin:/Users/tylors/Library/Python/2.7/bin:./node_modules/.bin

Yarn version: 
  1.7.0

Node version: 
  10.4.0

Platform: 
  darwin x64

Trace: 
  TypeError: Reduce of empty array with no initial value
      at Array.reduce (<anonymous>)
      at PackageLinker.<anonymous> (/usr/local/Cellar/yarn/1.7.0/libexec/lib/cli.js:50461:43)
      at Generator.next (<anonymous>)
      at step (/usr/local/Cellar/yarn/1.7.0/libexec/lib/cli.js:98:30)
      at /usr/local/Cellar/yarn/1.7.0/libexec/lib/cli.js:109:13
      at process._tickCallback (internal/process/next_tick.js:68:7)

npm manifest: 
  {
      "name": "typedtest",
      "displayName": "TypedTest",
      "description": "Testing made simple.",
      "version": "0.0.1",
      "publisher": "tsteinberger",
      "engines": {
          "vscode": "^1.24.0"
      },
      "categories": [
          "Other"
      ],
      "activationEvents": [
          "onCommand:extension.sayHello"
      ],
      "main": "./out/extension",
      "contributes": {
          "commands": [
              {
                  "command": "extension.sayHello",
                  "title": "Hello World"
              }
          ]
      },
      "scripts": {
          "vscode:prepublish": "npm run compile",
          "compile": "tsc -p ./",
          "watch": "tsc -watch -p ./",
          "postinstall": "node ./node_modules/vscode/bin/install",
          "test": "npm run compile && node ./node_modules/vscode/bin/test"
      },
      "devDependencies": {
          "typescript": "^2.5.3",
          "vscode": "^1.1.5",
          "@types/node": "^7.0.43",
          "@types/mocha": "^2.2.42"
      }
  }

yarn manifest: 
  No manifest

Lockfile: 
  No lockfile
